2020-08-02 06:38:33,173 INFO o.s.b.SpringApplication [main] No active profile set, falling back to default profiles: default
2020-08-02 06:38:33,960 INFO o.s.d.r.c.RepositoryConfigurationDelegate [main] Bootstrapping Spring Data JPA repositories in DEFERRED mode.
2020-08-02 06:38:34,023 INFO o.s.d.r.c.RepositoryConfigurationDelegate [main] Finished Spring Data repository scanning in 55ms. Found 1 JPA repository interfaces.
2020-08-02 06:38:34,282 INFO o.s.c.c.s.GenericScope [main] BeanFactory id=7a58ecfc-926a-3b27-9ca1-3043cf896ea0
2020-08-02 06:38:34,883 INFO o.s.b.w.e.t.TomcatWebServer [main] Tomcat initialized with port(s): 8080 (http)
2020-08-02 06:38:34,893 INFO o.a.j.l.DirectJDKLog [main] Initializing ProtocolHandler ["http-nio-8080"]
2020-08-02 06:38:34,893 INFO o.a.j.l.DirectJDKLog [main] Starting service [Tomcat]
2020-08-02 06:38:34,894 INFO o.a.j.l.DirectJDKLog [main] Starting Servlet engine: [Apache Tomcat/9.0.37]
2020-08-02 06:38:35,019 INFO o.a.j.l.DirectJDKLog [main] Initializing Spring embedded WebApplicationContext
2020-08-02 06:38:35,019 INFO o.s.b.w.s.c.ServletWebServerApplicationContext [main] Root WebApplicationContext: initialization completed in 1821 ms
2020-08-02 06:38:35,678 INFO o.s.s.c.ExecutorConfigurationSupport [main] Initializing ExecutorService 'applicationTaskExecutor'
2020-08-02 06:38:35,742 INFO o.h.j.i.u.LogHelper [task-1] HHH000204: Processing PersistenceUnitInfo [name: default]
2020-08-02 06:38:35,798 INFO o.h.Version [task-1] HHH000412: Hibernate ORM core version 5.4.18.Final
2020-08-02 06:38:35,934 INFO o.h.a.c.r.j.JavaReflectionManager [task-1] HCANN000001: Hibernate Commons Annotations {5.1.0.Final}
2020-08-02 06:38:36,065 INFO c.z.h.HikariDataSource [task-1] HikariPool-1 - Starting...
2020-08-02 06:38:36,167 INFO c.z.h.HikariDataSource [task-1] HikariPool-1 - Start completed.
2020-08-02 06:38:36,190 INFO o.h.d.Dialect [task-1] HHH000400: Using dialect: org.hibernate.dialect.PostgreSQLDialect
2020-08-02 06:38:36,209 INFO o.s.b.a.e.w.EndpointLinksResolver [main] Exposing 2 endpoint(s) beneath base path '/actuator'
2020-08-02 06:38:36,347 INFO s.d.s.w.PropertySourcedRequestMappingHandlerMapping [main] Mapped URL path [/v2/api-docs] onto method [springfox.documentation.swagger2.web.Swagger2Controller#getDocumentation(String, HttpServletRequest)]
2020-08-02 06:38:36,386 WARN o.h.i.SequenceGenerator [task-1] HHH90000014: Found use of deprecated [org.hibernate.id.SequenceGenerator] sequence-based id generator; use org.hibernate.id.enhanced.SequenceStyleGenerator instead.  See Hibernate Domain Model Mapping Guide for details.
2020-08-02 06:38:36,562 WARN o.s.b.a.o.j.JpaBaseConfiguration$JpaWebConfiguration [main] spring.jpa.open-in-view is enabled by default. Therefore, database queries may be performed during view rendering. Explicitly configure spring.jpa.open-in-view to disable this warning
2020-08-02 06:38:37,013 INFO o.h.e.t.j.p.i.JtaPlatformInitiator [task-1] HHH000490: Using JtaPlatform implementation: [org.hibernate.engine.transaction.jta.platform.internal.NoJtaPlatform]
2020-08-02 06:38:37,021 INFO o.s.o.j.AbstractEntityManagerFactoryBean [task-1] Initialized JPA EntityManagerFactory for persistence unit 'default'
2020-08-02 06:38:37,351 INFO o.a.j.l.DirectJDKLog [main] Starting ProtocolHandler ["http-nio-8080"]
2020-08-02 06:38:37,387 INFO o.s.b.w.e.t.TomcatWebServer [main] Tomcat started on port(s): 8080 (http) with context path '/api/centime'
2020-08-02 06:38:37,390 INFO s.d.s.w.p.DocumentationPluginsBootstrapper [main] Context refreshed
2020-08-02 06:38:37,405 INFO s.d.s.w.p.DocumentationPluginsBootstrapper [main] Found 1 custom documentation plugin(s)
2020-08-02 06:38:37,434 INFO s.d.s.w.s.ApiListingReferenceScanner [main] Scanning for api listing references
2020-08-02 06:38:37,577 INFO o.s.d.r.c.DeferredRepositoryInitializationListener [main] Triggering deferred initialization of Spring Data repositories…
2020-08-02 06:38:37,842 INFO o.s.d.r.c.DeferredRepositoryInitializationListener [main] Spring Data repositories initialized!
2020-08-02 06:38:37,864 INFO o.s.b.StartupInfoLogger [main] Started CentimeApplication in 5.669 seconds (JVM running for 6.509)
2020-08-02 06:38:42,615 INFO o.s.o.j.AbstractEntityManagerFactoryBean [SpringContextShutdownHook] Closing JPA EntityManagerFactory for persistence unit 'default'
2020-08-02 06:38:42,618 INFO o.s.s.c.ExecutorConfigurationSupport [SpringContextShutdownHook] Shutting down ExecutorService 'applicationTaskExecutor'
2020-08-02 06:38:42,618 INFO c.z.h.HikariDataSource [SpringContextShutdownHook] HikariPool-1 - Shutdown initiated...
2020-08-02 06:38:42,623 INFO c.z.h.HikariDataSource [SpringContextShutdownHook] HikariPool-1 - Shutdown completed.
